2022-07-09 23:36:02 [[31merror[39m]: uncaughtException: тип Unable to compile TypeScript:
[96msrc/controllers/users.controller.ts[0m:[93m9[0m:[93m9[0m - [91merror[0m[90m TS1003: [0mIdentifier expected.

[7m9[0m         } catch (err) {
[7m [0m [91m        ~[0m

TSError: тип Unable to compile TypeScript:
[96msrc/controllers/users.controller.ts[0m:[93m9[0m:[93m9[0m - [91merror[0m[90m TS1003: [0mIdentifier expected.

[7m9[0m         } catch (err) {
[7m [0m [91m        ~[0m

    at createTSError (/Users/dz0401006/Desktop/online_express/backend/node_modules/ts-node/src/index.ts:843:12)
    at reportTSError (/Users/dz0401006/Desktop/online_express/backend/node_modules/ts-node/src/index.ts:847:19)
    at /Users/dz0401006/Desktop/online_express/backend/node_modules/ts-node/src/index.ts:1357:34
    at Object.compile (/Users/dz0401006/Desktop/online_express/backend/node_modules/ts-node/src/index.ts:1436:13)
    at Module.m._compile (/Users/dz0401006/Desktop/online_express/backend/node_modules/ts-node/src/index.ts:1596:30)
    at Module._extensions..js (internal/modules/cjs/loader.js:1114:10)
    at Object.require.extensions.<computed> [as .ts] (/Users/dz0401006/Desktop/online_express/backend/node_modules/ts-node/src/index.ts:1600:12)
    at Module.load (internal/modules/cjs/loader.js:950:32)
    at Function.Module._load (internal/modules/cjs/loader.js:790:12)
    at Module.require (internal/modules/cjs/loader.js:974:19)
2022-07-09 23:36:33 [[31merror[39m]: uncaughtException: тип Unable to compile TypeScript:
[96msrc/controllers/users.controller.ts[0m:[93m10[0m:[93m9[0m - [91merror[0m[90m TS1003: [0mIdentifier expected.

[7m10[0m         } catch (err) {
[7m  [0m [91m        ~[0m

TSError: тип Unable to compile TypeScript:
[96msrc/controllers/users.controller.ts[0m:[93m10[0m:[93m9[0m - [91merror[0m[90m TS1003: [0mIdentifier expected.

[7m10[0m         } catch (err) {
[7m  [0m [91m        ~[0m

    at createTSError (/Users/dz0401006/Desktop/online_express/backend/node_modules/ts-node/src/index.ts:843:12)
    at reportTSError (/Users/dz0401006/Desktop/online_express/backend/node_modules/ts-node/src/index.ts:847:19)
    at /Users/dz0401006/Desktop/online_express/backend/node_modules/ts-node/src/index.ts:1357:34
    at Object.compile (/Users/dz0401006/Desktop/online_express/backend/node_modules/ts-node/src/index.ts:1436:13)
    at Module.m._compile (/Users/dz0401006/Desktop/online_express/backend/node_modules/ts-node/src/index.ts:1596:30)
    at Module._extensions..js (internal/modules/cjs/loader.js:1114:10)
    at Object.require.extensions.<computed> [as .ts] (/Users/dz0401006/Desktop/online_express/backend/node_modules/ts-node/src/index.ts:1600:12)
    at Module.load (internal/modules/cjs/loader.js:950:32)
    at Function.Module._load (internal/modules/cjs/loader.js:790:12)
    at Module.require (internal/modules/cjs/loader.js:974:19)
2022-07-09 23:36:38 [[31merror[39m]: uncaughtException: тип Unable to compile TypeScript:
[96msrc/controllers/users.controller.ts[0m:[93m10[0m:[93m9[0m - [91merror[0m[90m TS1003: [0mIdentifier expected.

[7m10[0m         } catch (err) {
[7m  [0m [91m        ~[0m

TSError: тип Unable to compile TypeScript:
[96msrc/controllers/users.controller.ts[0m:[93m10[0m:[93m9[0m - [91merror[0m[90m TS1003: [0mIdentifier expected.

[7m10[0m         } catch (err) {
[7m  [0m [91m        ~[0m

    at createTSError (/Users/dz0401006/Desktop/online_express/backend/node_modules/ts-node/src/index.ts:843:12)
    at reportTSError (/Users/dz0401006/Desktop/online_express/backend/node_modules/ts-node/src/index.ts:847:19)
    at /Users/dz0401006/Desktop/online_express/backend/node_modules/ts-node/src/index.ts:1357:34
    at Object.compile (/Users/dz0401006/Desktop/online_express/backend/node_modules/ts-node/src/index.ts:1436:13)
    at Module.m._compile (/Users/dz0401006/Desktop/online_express/backend/node_modules/ts-node/src/index.ts:1596:30)
    at Module._extensions..js (internal/modules/cjs/loader.js:1114:10)
    at Object.require.extensions.<computed> [as .ts] (/Users/dz0401006/Desktop/online_express/backend/node_modules/ts-node/src/index.ts:1600:12)
    at Module.load (internal/modules/cjs/loader.js:950:32)
    at Function.Module._load (internal/modules/cjs/loader.js:790:12)
    at Module.require (internal/modules/cjs/loader.js:974:19)
