2022-07-09 22:19:14 [[31minfo[39m]: =====================================
2022-07-09 22:19:14 [[31minfo[39m]: ======= ENV: [31mdevelopment[39m =======
2022-07-09 22:19:14 [[31minfo[39m]: Listening on the port: [32m3000[39m
2022-07-09 22:19:14 [[31minfo[39m]: Link: [102mhttp://localhost:3000[49m/
2022-07-09 22:19:14 [[31minfo[39m]: =====================================
2022-07-09 22:19:20 [[31minfo[39m]: [0mGET / [36m304 [0m7.860 ms - -[0m
2022-07-09 22:24:00 [[31minfo[39m]: =====================================
2022-07-09 22:24:00 [[31minfo[39m]: ======= ENV: [31mdevelopment[39m =======
2022-07-09 22:24:00 [[31minfo[39m]: Listening on the port: [32m3000[39m
2022-07-09 22:24:00 [[31minfo[39m]: Link: [102mhttp://localhost:3000[49m/
2022-07-09 22:24:00 [[31minfo[39m]: =====================================
2022-07-09 22:24:05 [[31minfo[39m]: =====================================
2022-07-09 22:24:05 [[31minfo[39m]: ======= ENV: [31mdevelopment[39m =======
2022-07-09 22:24:05 [[31minfo[39m]: Listening on the port: [32m3000[39m
2022-07-09 22:24:05 [[31minfo[39m]: Link: [102mhttp://localhost:3000[49m/
2022-07-09 22:24:05 [[31minfo[39m]: =====================================
2022-07-09 22:24:07 [[31minfo[39m]: =====================================
2022-07-09 22:24:07 [[31minfo[39m]: ======= ENV: [31mdevelopment[39m =======
2022-07-09 22:24:07 [[31minfo[39m]: Listening on the port: [32m3000[39m
2022-07-09 22:24:07 [[31minfo[39m]: Link: [102mhttp://localhost:3000[49m/
2022-07-09 22:24:07 [[31minfo[39m]: =====================================
2022-07-09 22:24:27 [[31minfo[39m]: =====================================
2022-07-09 22:24:27 [[31minfo[39m]: ======= ENV: [31mdevelopment[39m =======
2022-07-09 22:24:27 [[31minfo[39m]: Listening on the port: [32m3000[39m
2022-07-09 22:24:27 [[31minfo[39m]: Link: [102mhttp://localhost:3000[49m/
2022-07-09 22:24:27 [[31minfo[39m]: =====================================
2022-07-09 22:24:29 [[31minfo[39m]: =====================================
2022-07-09 22:24:29 [[31minfo[39m]: ======= ENV: [31mdevelopment[39m =======
2022-07-09 22:24:29 [[31minfo[39m]: Listening on the port: [32m3000[39m
2022-07-09 22:24:29 [[31minfo[39m]: Link: [102mhttp://localhost:3000[49m/
2022-07-09 22:24:29 [[31minfo[39m]: =====================================
2022-07-09 22:24:32 [[31minfo[39m]: =====================================
2022-07-09 22:24:32 [[31minfo[39m]: ======= ENV: [31mdevelopment[39m =======
2022-07-09 22:24:32 [[31minfo[39m]: Listening on the port: [32m3000[39m
2022-07-09 22:24:32 [[31minfo[39m]: Link: [102mhttp://localhost:3000[49m/
2022-07-09 22:24:32 [[31minfo[39m]: =====================================
2022-07-09 22:25:32 [[31minfo[39m]: =====================================
2022-07-09 22:25:32 [[31minfo[39m]: ======= ENV: [31mdevelopment[39m =======
2022-07-09 22:25:32 [[31minfo[39m]: Listening on the port: [32m3000[39m
2022-07-09 22:25:32 [[31minfo[39m]: Link: [102mhttp://localhost:3000[49m/
2022-07-09 22:25:32 [[31minfo[39m]: =====================================
2022-07-09 22:25:36 [[31minfo[39m]: =====================================
2022-07-09 22:25:36 [[31minfo[39m]: ======= ENV: [31mdevelopment[39m =======
2022-07-09 22:25:36 [[31minfo[39m]: Listening on the port: [32m3000[39m
2022-07-09 22:25:36 [[31minfo[39m]: Link: [102mhttp://localhost:3000[49m/
2022-07-09 22:25:36 [[31minfo[39m]: =====================================
2022-07-09 22:26:58 [[31minfo[39m]: =====================================
2022-07-09 22:26:58 [[31minfo[39m]: ======= ENV: [31mdevelopment[39m =======
2022-07-09 22:26:58 [[31minfo[39m]: Listening on the port: [32m3000[39m
2022-07-09 22:26:58 [[31minfo[39m]: Link: [102mhttp://localhost:3000[49m/
2022-07-09 22:26:58 [[31minfo[39m]: =====================================
2022-07-09 22:27:15 [[31minfo[39m]: =====================================
2022-07-09 22:27:15 [[31minfo[39m]: ======= ENV: [31mdevelopment[39m =======
2022-07-09 22:27:15 [[31minfo[39m]: Listening on the port: [32m3000[39m
2022-07-09 22:27:15 [[31minfo[39m]: Link: [102mhttp://localhost:3000[49m/
2022-07-09 22:27:15 [[31minfo[39m]: =====================================
2022-07-09 22:27:21 [[31minfo[39m]: =====================================
2022-07-09 22:27:21 [[31minfo[39m]: ======= ENV: [31mdevelopment[39m =======
2022-07-09 22:27:21 [[31minfo[39m]: Listening on the port: [32m3000[39m
2022-07-09 22:27:21 [[31minfo[39m]: Link: [102mhttp://localhost:3000[49m/
2022-07-09 22:27:21 [[31minfo[39m]: =====================================
2022-07-09 22:27:29 [[31minfo[39m]: =====================================
2022-07-09 22:27:29 [[31minfo[39m]: ======= ENV: [31mdevelopment[39m =======
2022-07-09 22:27:29 [[31minfo[39m]: Listening on the port: [32m3000[39m
2022-07-09 22:27:29 [[31minfo[39m]: Link: [102mhttp://localhost:3000[49m/
2022-07-09 22:27:29 [[31minfo[39m]: =====================================
2022-07-09 22:28:05 [[31minfo[39m]: =====================================
2022-07-09 22:28:05 [[31minfo[39m]: ======= ENV: [31mdevelopment[39m =======
2022-07-09 22:28:05 [[31minfo[39m]: Listening on the port: [32m3000[39m
2022-07-09 22:28:05 [[31minfo[39m]: Link: [102mhttp://localhost:3000[49m/
2022-07-09 22:28:05 [[31minfo[39m]: =====================================
2022-07-09 22:28:17 [[31minfo[39m]: =====================================
2022-07-09 22:28:17 [[31minfo[39m]: ======= ENV: [31mdevelopment[39m =======
2022-07-09 22:28:17 [[31minfo[39m]: Listening on the port: [32m3000[39m
2022-07-09 22:28:17 [[31minfo[39m]: Link: [102mhttp://localhost:3000[49m/
2022-07-09 22:28:17 [[31minfo[39m]: =====================================
2022-07-09 22:28:38 [[31minfo[39m]: =====================================
2022-07-09 22:28:38 [[31minfo[39m]: ======= ENV: [31mdevelopment[39m =======
2022-07-09 22:28:38 [[31minfo[39m]: Listening on the port: [32m3000[39m
2022-07-09 22:28:38 [[31minfo[39m]: Link: [102mhttp://localhost:3000[49m/
2022-07-09 22:28:38 [[31minfo[39m]: =====================================
2022-07-09 22:51:40 [[31minfo[39m]: =====================================
2022-07-09 22:51:40 [[31minfo[39m]: ======= ENV: [31mdevelopment[39m =======
2022-07-09 22:51:40 [[31minfo[39m]: Listening on the port: [32m3000[39m
2022-07-09 22:51:40 [[31minfo[39m]: Link: [102mhttp://localhost:3000[49m/
2022-07-09 22:51:40 [[31minfo[39m]: =====================================
2022-07-09 22:54:48 [[31minfo[39m]: =====================================
2022-07-09 22:54:48 [[31minfo[39m]: ======= ENV: [31mdevelopment[39m =======
2022-07-09 22:54:48 [[31minfo[39m]: Listening on the port: [32m3000[39m
2022-07-09 22:54:48 [[31minfo[39m]: Link: [102mhttp://localhost:3000[49m/
2022-07-09 22:54:48 [[31minfo[39m]: =====================================
2022-07-09 23:05:05 [[31minfo[39m]: =====================================
2022-07-09 23:05:05 [[31minfo[39m]: ======= ENV: [31mdevelopment[39m =======
2022-07-09 23:05:05 [[31minfo[39m]: Listening on the port: [32m3000[39m
2022-07-09 23:05:05 [[31minfo[39m]: Link: [102mhttp://localhost:3000[49m/
2022-07-09 23:05:05 [[31minfo[39m]: =====================================
2022-07-09 23:05:23 [[31minfo[39m]: =====================================
2022-07-09 23:05:23 [[31minfo[39m]: ======= ENV: [31mdevelopment[39m =======
2022-07-09 23:05:23 [[31minfo[39m]: Listening on the port: [32m3000[39m
2022-07-09 23:05:23 [[31minfo[39m]: Link: [102mhttp://localhost:3000[49m/
2022-07-09 23:05:23 [[31minfo[39m]: =====================================
2022-07-09 23:11:32 [[31minfo[39m]: =====================================
2022-07-09 23:11:32 [[31minfo[39m]: ======= ENV: [31mdevelopment[39m =======
2022-07-09 23:11:32 [[31minfo[39m]: Listening on the port: [32m3000[39m
2022-07-09 23:11:32 [[31minfo[39m]: Link: [102mhttp://localhost:3000[49m/
2022-07-09 23:11:32 [[31minfo[39m]: =====================================
2022-07-09 23:16:20 [[31minfo[39m]: =====================================
2022-07-09 23:16:20 [[31minfo[39m]: ======= ENV: [31mdevelopment[39m =======
2022-07-09 23:16:20 [[31minfo[39m]: Listening on the port: [32m3000[39m
2022-07-09 23:16:20 [[31minfo[39m]: Link: [102mhttp://localhost:3000[49m/
2022-07-09 23:16:20 [[31minfo[39m]: =====================================
2022-07-09 23:30:24 [[31minfo[39m]: =====================================
2022-07-09 23:30:24 [[31minfo[39m]: ======= ENV: [31mdevelopment[39m =======
2022-07-09 23:30:24 [[31minfo[39m]: Listening on the port: [32m3000[39m
2022-07-09 23:30:24 [[31minfo[39m]: Link: [102mhttp://localhost:3000[49m/
2022-07-09 23:30:24 [[31minfo[39m]: =====================================
2022-07-09 23:33:40 [[31minfo[39m]: =====================================
2022-07-09 23:33:40 [[31minfo[39m]: ======= ENV: [31mdevelopment[39m =======
2022-07-09 23:33:40 [[31minfo[39m]: Listening on the port: [32m3000[39m
2022-07-09 23:33:40 [[31minfo[39m]: Link: [102mhttp://localhost:3000[49m/
2022-07-09 23:33:40 [[31minfo[39m]: =====================================
